2025-11-10 16:53:36 - To: 0987654321 - Message: Your Agro Connect OTP is: 340018. Valid for 5 minutes.
[10-Nov-2025 16:53:36 Europe/Berlin] Registration OTP sent to 0987654321: 340018
2025-11-10 17:55:23 - To: 0987654321 - Message: Your Agro Connect OTP is: 432841. Valid for 5 minutes.
2025-11-10 17:55:26 - To: 0987654321 - Message: Your Agro Connect OTP is: 773949. Valid for 5 minutes.
2025-11-10 17:55:26 - To: 0987654321 - Message: Your Agro Connect OTP is: 489824. Valid for 5 minutes.
2025-11-10 17:55:27 - To: 0987654321 - Message: Your Agro Connect OTP is: 694133. Valid for 5 minutes.
2025-11-10 17:55:27 - To: 0987654321 - Message: Your Agro Connect OTP is: 191323. Valid for 5 minutes.
2025-11-10 17:55:27 - To: 0987654321 - Message: Your Agro Connect OTP is: 254888. Valid for 5 minutes.
2025-11-10 17:55:27 - To: 0987654321 - Message: Your Agro Connect OTP is: 703399. Valid for 5 minutes.
2025-11-10 17:55:27 - To: 0987654321 - Message: Your Agro Connect OTP is: 822421. Valid for 5 minutes.
2025-11-10 17:55:27 - To: 0987654321 - Message: Your Agro Connect OTP is: 710924. Valid for 5 minutes.
2025-11-10 17:55:28 - To: 0987654321 - Message: Your Agro Connect OTP is: 415609. Valid for 5 minutes.
2025-11-10 17:55:28 - To: 0987654321 - Message: Your Agro Connect OTP is: 634862. Valid for 5 minutes.
2025-11-10 17:55:28 - To: 0987654321 - Message: Your Agro Connect OTP is: 816747. Valid for 5 minutes.
2025-11-10 17:55:28 - To: 0987654321 - Message: Your Agro Connect OTP is: 103584. Valid for 5 minutes.
2025-11-10 17:55:28 - To: 0987654321 - Message: Your Agro Connect OTP is: 061484. Valid for 5 minutes.
2025-11-10 17:55:28 - To: 0987654321 - Message: Your Agro Connect OTP is: 919799. Valid for 5 minutes.
2025-11-10 17:55:29 - To: 0987654321 - Message: Your Agro Connect OTP is: 523608. Valid for 5 minutes.
2025-11-10 17:55:29 - To: 0987654321 - Message: Your Agro Connect OTP is: 629503. Valid for 5 minutes.
2025-11-11 02:01:35 - To: 8978673278 - Message: Your Agro Connect OTP is: 477956. Valid for 5 minutes.
[11-Nov-2025 02:01:35 Europe/Berlin] Registration OTP sent to 8978673278: 477956
[11-Nov-2025 03:19:49 Europe/Berlin] PHP Warning:  Undefined array key "equipment_id" in C:\xampp\htdocs\Agro-Connect\get_booking_details.php on line 10
[11-Nov-2025 03:19:49 Europe/Berlin] PHP Warning:  Undefined array key "start_date" in C:\xampp\htdocs\Agro-Connect\get_booking_details.php on line 11
[11-Nov-2025 03:19:49 Europe/Berlin] PHP Warning:  Undefined array key "end_date" in C:\xampp\htdocs\Agro-Connect\get_booking_details.php on line 12
2025-11-11 08:25:56 - To: 7708922850 - Message: Your Agro Connect OTP is: 114661. Valid for 5 minutes.
[11-Nov-2025 08:25:56 Europe/Berlin] Registration OTP sent to 7708922850: 114661
2025-11-11 08:25:56 - To: 7708922850 - Message: Your Agro Connect OTP is: 280293. Valid for 5 minutes.
[11-Nov-2025 08:25:56 Europe/Berlin] Registration OTP sent to 7708922850: 280293
2025-11-13 07:08:19 - OTP sent to 9753186420: 845258
